{
  "stats": {
    "suites": 1,
    "tests": 2,
    "passes": 2,
    "pending": 0,
    "failures": 0,
    "start": "2024-10-22T05:56:34.524Z",
    "end": "2024-10-22T05:57:04.580Z",
    "duration": 30056,
    "testsRegistered": 2,
    "passPercent": 100,
    "pendingPercent": 0,
    "other": 0,
    "hasOther": false,
    "skipped": 0,
    "hasSkipped": false
  },
  "results": [
    {
      "uuid": "fd5db5ba-519b-4efa-8cc0-5a2df40faf7c",
      "title": "",
      "fullFile": "cypress\\e2e\\Addemplyee333.cy.js",
      "file": "cypress\\e2e\\Addemplyee333.cy.js",
      "beforeHooks": [],
      "afterHooks": [],
      "tests": [],
      "suites": [
        {
          "uuid": "7d27d783-ddbb-4219-9fa2-2dba6de18e46",
          "title": "verify Add employee functionality",
          "fullFile": "",
          "file": "",
          "beforeHooks": [],
          "afterHooks": [],
          "tests": [
            {
              "title": "verify Add employee with mandatory details",
              "fullTitle": "verify Add employee functionality verify Add employee with mandatory details",
              "timedOut": null,
              "duration": 18620,
              "state": "passed",
              "speed": "slow",
              "pass": true,
              "fail": false,
              "pending": false,
              "context": "{\n  \"title\": \"cypress-mochawesome-reporter-videos-passed\",\n  \"value\": \"cypress\\\\e2e\\\\Addemplyee333.cy.js\"\n}",
              "code": "cy.visit(\"/web/index.php/auth/login\");\ncy.get(\"input[name='username']\").type(\"Admin\");\ncy.get(\"input[name='password']\").type(\"admin123\");\ncy.get(\"button[type='submit']\").click();\ncy.get(\"a[class='oxd-main-menu-item active']\").should(\"be.visible\");\ncy.get(\"a[href='/web/index.php/pim/viewPimModule']\").click();\ncy.contains(\"Add Employee\").click();\ncy.get(\"input[name='firstName']\").type(\"bjbhjhranganath\");\ncy.get(\"input[name='lastName']\").type(\"D\");\ncy.get('button[type=\"submit\"]').click();\ncy.contains(\"Successfully Saved\").should(\"be.visible\");",
              "err": {},
              "uuid": "87936569-2018-4b9e-9e7b-fd8fa522189c",
              "parentUUID": "7d27d783-ddbb-4219-9fa2-2dba6de18e46",
              "isHook": false,
              "skipped": false
            },
            {
              "title": "verify Add employee with mandatory detailsina required fields",
              "fullTitle": "verify Add employee functionality verify Add employee with mandatory detailsina required fields",
              "timedOut": null,
              "duration": 11207,
              "state": "passed",
              "speed": "slow",
              "pass": true,
              "fail": false,
              "pending": false,
              "context": "{\n  \"title\": \"cypress-mochawesome-reporter-videos-passed\",\n  \"value\": \"cypress\\\\e2e\\\\Addemplyee333.cy.js\"\n}",
              "code": "cy.visit(\"https://opensource-demo.orangehrmlive.com/web/index.php/auth/login\");\ncy.get(\"input[name='username']\").type(\"Admin\");\ncy.get(\"input[name='password']\").type(\"admin123\");\ncy.get(\"button[type='submit']\").click();\ncy.get(\"a[class='oxd-main-menu-item active']\").should(\"be.visible\");\ncy.get(\"a[href='/web/index.php/pim/viewPimModule']\").click();\ncy.contains(\"Add Employee\").click();\ncy.get('button[type=\"submit\"]').click();\ncy.get(\"span[class='oxd-text oxd-text--span oxd-input-field-error-message oxd-input-group__message']\").eq(0).should(\"be.visible\");\ncy.get(\"span[class='oxd-text oxd-text--span oxd-input-field-error-message oxd-input-group__message']\").eq(1).should(\"be.visible\");\n//cy.contains(\"Required\").should('be.visible ')",
              "err": {},
              "uuid": "7bc90287-11aa-434b-999e-98d6ad372f2a",
              "parentUUID": "7d27d783-ddbb-4219-9fa2-2dba6de18e46",
              "isHook": false,
              "skipped": false
            }
          ],
          "suites": [],
          "passes": [
            "87936569-2018-4b9e-9e7b-fd8fa522189c",
            "7bc90287-11aa-434b-999e-98d6ad372f2a"
          ],
          "failures": [],
          "pending": [],
          "skipped": [],
          "duration": 29827,
          "root": false,
          "rootEmpty": false,
          "_timeout": 2000
        }
      ],
      "passes": [],
      "failures": [],
      "pending": [],
      "skipped": [],
      "duration": 0,
      "root": true,
      "rootEmpty": true,
      "_timeout": 2000
    }
  ],
  "meta": {
    "mocha": {
      "version": "7.0.1"
    },
    "mochawesome": {
      "options": {
        "quiet": false,
        "reportFilename": "mochawesome",
        "saveHtml": false,
        "saveJson": true,
        "consoleReporter": "spec",
        "useInlineDiffs": false,
        "code": true
      },
      "version": "7.1.3"
    },
    "marge": {
      "options": {
        "overwrite": false,
        "html": false,
        "json": true,
        "reportDir": "cypress\\reports\\html\\.jsons"
      },
      "version": "6.2.0"
    }
  }
}