{
  "stats": {
    "suites": 1,
    "tests": 2,
    "passes": 1,
    "pending": 0,
    "failures": 1,
    "start": "2024-10-22T05:49:32.358Z",
    "end": "2024-10-22T05:49:52.904Z",
    "duration": 20546,
    "testsRegistered": 2,
    "passPercent": 50,
    "pendingPercent": 0,
    "other": 0,
    "hasOther": false,
    "skipped": 0,
    "hasSkipped": false
  },
  "results": [
    {
      "uuid": "3f958601-1c33-40e4-a8d3-813955c31b89",
      "title": "",
      "fullFile": "cypress\\e2e\\jobtitle3333.cy.js",
      "file": "cypress\\e2e\\jobtitle3333.cy.js",
      "beforeHooks": [],
      "afterHooks": [],
      "tests": [],
      "suites": [
        {
          "uuid": "005a77e1-1d86-4729-86b0-c1f150e761a3",
          "title": "verify Add job functionality",
          "fullFile": "",
          "file": "",
          "beforeHooks": [],
          "afterHooks": [],
          "tests": [
            {
              "title": "verify add job titlt with mandatory details",
              "fullTitle": "verify Add job functionality verify add job titlt with mandatory details",
              "timedOut": null,
              "duration": 10343,
              "state": "failed",
              "speed": null,
              "pass": false,
              "fail": true,
              "pending": false,
              "context": "[\n  {\n    \"title\": \"cypress-mochawesome-reporter-videos-failed\",\n    \"value\": \"cypress\\\\e2e\\\\jobtitle3333.cy.js\"\n  },\n  {\n    \"title\": \"cypress-mochawesome-reporter-screenshots\",\n    \"value\": [\n      [\n        \"\\\\jobtitle3333.cy.js\\\\verify Add job functionality -- verify add job titlt with mandatory details (failed).png\"\n      ]\n    ]\n  }\n]",
              "code": "cy.visit(\"/web/index.php/auth/login\");\ncy.get(\"input[name='username']\").type(_login.default.username);\ncy.get(\"input[name='password']\").type(_login.default.password);\ncy.get(\"button[type='submit']\").click();\ncy.get(\"a[class='oxd-main-menu-item active']\").should(\"be.visible\");\ncy.contains(\"Admin\").click();\ncy.contains(\"Job\").click();\ncy.contains(\"Job Titles\").click();\ncy.get(\"button[type='button']\").eq(3).click();\nlet r = (Math.random() + 1).toString(36).substring(7);\ncy.get(\"input[class='oxd-input oxd-input--active']\").eq(1).type(\"HR Teamw lead+r\");\ncy.get(\"button[type='submit']\").click();\n//cy.contains(\"Successfully saved\").should(\"be.visible\")",
              "err": {
                "message": "AssertionError: Timed out retrying after 4000ms: Expected to find element: `a[class='oxd-main-menu-item active']`, but never found it.",
                "estack": "AssertionError: Timed out retrying after 4000ms: Expected to find element: `a[class='oxd-main-menu-item active']`, but never found it.\n    at Context.eval (webpack://dsm-cypress/./cypress/e2e/jobtitle3333.cy.js:10:51)",
                "diff": null
              },
              "uuid": "e8105135-74d3-44ec-8ace-0de0a1c2a9f6",
              "parentUUID": "005a77e1-1d86-4729-86b0-c1f150e761a3",
              "isHook": false,
              "skipped": false
            },
            {
              "title": "verify add job titlt with invalid details",
              "fullTitle": "verify Add job functionality verify add job titlt with invalid details",
              "timedOut": null,
              "duration": 9965,
              "state": "passed",
              "speed": "medium",
              "pass": true,
              "fail": false,
              "pending": false,
              "context": "{\n  \"title\": \"cypress-mochawesome-reporter-videos-passed\",\n  \"value\": \"cypress\\\\e2e\\\\jobtitle3333.cy.js\"\n}",
              "code": "cy.visit(\"/web/index.php/auth/login\");\ncy.get(\"input[name='username']\").type(\"Admin\");\ncy.get(\"input[name='password']\").type(\"admin123\");\ncy.get(\"button[type='submit']\").click();\ncy.get(\"a[class='oxd-main-menu-item active']\").should(\"be.visible\");\ncy.contains(\"Admin\").click();\ncy.contains(\"Job\").click();\ncy.contains(\"Job Titles\").click();\ncy.get(\"button[type='button']\").eq(3).click();\ncy.get(\"input[class='oxd-input oxd-input--active']\").eq(1);\ncy.get(\"button[type='submit']\").click();\n//cy.get(\"Successfully Saved\").should(\"be.visible\")\ncy.contains(\"Required\").should(\"be.visible\");",
              "err": {},
              "uuid": "7aa2e88f-5edf-406f-805e-956427abe809",
              "parentUUID": "005a77e1-1d86-4729-86b0-c1f150e761a3",
              "isHook": false,
              "skipped": false
            }
          ],
          "suites": [],
          "passes": [
            "7aa2e88f-5edf-406f-805e-956427abe809"
          ],
          "failures": [
            "e8105135-74d3-44ec-8ace-0de0a1c2a9f6"
          ],
          "pending": [],
          "skipped": [],
          "duration": 20308,
          "root": false,
          "rootEmpty": false,
          "_timeout": 2000
        }
      ],
      "passes": [],
      "failures": [],
      "pending": [],
      "skipped": [],
      "duration": 0,
      "root": true,
      "rootEmpty": true,
      "_timeout": 2000
    }
  ],
  "meta": {
    "mocha": {
      "version": "7.0.1"
    },
    "mochawesome": {
      "options": {
        "quiet": false,
        "reportFilename": "mochawesome",
        "saveHtml": false,
        "saveJson": true,
        "consoleReporter": "spec",
        "useInlineDiffs": false,
        "code": true
      },
      "version": "7.1.3"
    },
    "marge": {
      "options": {
        "overwrite": false,
        "html": false,
        "json": true,
        "reportDir": "cypress\\reports\\html\\.jsons"
      },
      "version": "6.2.0"
    }
  }
}