{
  "stats": {
    "suites": 1,
    "tests": 3,
    "passes": 3,
    "pending": 0,
    "failures": 0,
    "start": "2024-10-22T05:58:29.859Z",
    "end": "2024-10-22T05:58:52.179Z",
    "duration": 22320,
    "testsRegistered": 3,
    "passPercent": 100,
    "pendingPercent": 0,
    "other": 0,
    "hasOther": false,
    "skipped": 0,
    "hasSkipped": false
  },
  "results": [
    {
      "uuid": "7d02b77b-d245-498d-8022-e584c6a30a96",
      "title": "",
      "fullFile": "cypress\\e2e\\login23.cy.js",
      "file": "cypress\\e2e\\login23.cy.js",
      "beforeHooks": [],
      "afterHooks": [],
      "tests": [],
      "suites": [
        {
          "uuid": "1cc5f66d-56e7-4d6b-bf7a-acbf14bbdba9",
          "title": "template spec",
          "fullFile": "",
          "file": "",
          "beforeHooks": [],
          "afterHooks": [],
          "tests": [
            {
              "title": "passes",
              "fullTitle": "template spec passes",
              "timedOut": null,
              "duration": 11974,
              "state": "passed",
              "speed": "slow",
              "pass": true,
              "fail": false,
              "pending": false,
              "context": "{\n  \"title\": \"cypress-mochawesome-reporter-videos-passed\",\n  \"value\": \"cypress\\\\e2e\\\\login23.cy.js\"\n}",
              "code": "cy.visit(\"https://opensource-demo.orangehrmlive.com/web/index.php/auth/login\");\ncy.get(\"input[name='username']\").type(\"Admin\");\ncy.get(\"input[type='password']\").type(\"admin123\");\ncy.get(\"button[type='submit']\").click();\ncy.get(\"a.oxd-main-menu-item.active\");",
              "err": {},
              "uuid": "55d09652-8496-4bcc-98a8-53ff55197dd3",
              "parentUUID": "1cc5f66d-56e7-4d6b-bf7a-acbf14bbdba9",
              "isHook": false,
              "skipped": false
            },
            {
              "title": "Verify login with valid user name and invalid password credentials",
              "fullTitle": "template spec Verify login with valid user name and invalid password credentials",
              "timedOut": null,
              "duration": 5181,
              "state": "passed",
              "speed": "medium",
              "pass": true,
              "fail": false,
              "pending": false,
              "context": "{\n  \"title\": \"cypress-mochawesome-reporter-videos-passed\",\n  \"value\": \"cypress\\\\e2e\\\\login23.cy.js\"\n}",
              "code": "cy.visit(\"https://opensource-demo.orangehrmlive.com/web/index.php/auth/login\");\ncy.get(\"input[name='username']\").type(\"Admin\");\ncy.get(\"input[type='password']\").type(\"fdfdcf\");\ncy.get(\"button[type='submit']\").click();\ncy.get(\"p.oxd-text.oxd-text--p.oxd-alert-content-text\");",
              "err": {},
              "uuid": "c0d043e6-4ead-4a9a-a543-9c1b4d371a6d",
              "parentUUID": "1cc5f66d-56e7-4d6b-bf7a-acbf14bbdba9",
              "isHook": false,
              "skipped": false
            },
            {
              "title": "Verify login with invalid user name and invalid password credentials",
              "fullTitle": "template spec Verify login with invalid user name and invalid password credentials",
              "timedOut": null,
              "duration": 4983,
              "state": "passed",
              "speed": "fast",
              "pass": true,
              "fail": false,
              "pending": false,
              "context": "{\n  \"title\": \"cypress-mochawesome-reporter-videos-passed\",\n  \"value\": \"cypress\\\\e2e\\\\login23.cy.js\"\n}",
              "code": "cy.visit(\"https://opensource-demo.orangehrmlive.com/web/index.php/auth/login\");\ncy.get(\"input[name='username']\").type(\"Adjhgn\");\ncy.get(\"input[type='password']\").type(\"fdfdcf\");\ncy.get(\"button[type='submit']\").click();\ncy.get(\"p.oxd-text.oxd-text--p.oxd-alert-content-text\");",
              "err": {},
              "uuid": "c0973903-c03b-4bc6-8cbc-5e2206f19597",
              "parentUUID": "1cc5f66d-56e7-4d6b-bf7a-acbf14bbdba9",
              "isHook": false,
              "skipped": false
            }
          ],
          "suites": [],
          "passes": [
            "55d09652-8496-4bcc-98a8-53ff55197dd3",
            "c0d043e6-4ead-4a9a-a543-9c1b4d371a6d",
            "c0973903-c03b-4bc6-8cbc-5e2206f19597"
          ],
          "failures": [],
          "pending": [],
          "skipped": [],
          "duration": 22138,
          "root": false,
          "rootEmpty": false,
          "_timeout": 2000
        }
      ],
      "passes": [],
      "failures": [],
      "pending": [],
      "skipped": [],
      "duration": 0,
      "root": true,
      "rootEmpty": true,
      "_timeout": 2000
    }
  ],
  "meta": {
    "mocha": {
      "version": "7.0.1"
    },
    "mochawesome": {
      "options": {
        "quiet": false,
        "reportFilename": "mochawesome",
        "saveHtml": false,
        "saveJson": true,
        "consoleReporter": "spec",
        "useInlineDiffs": false,
        "code": true
      },
      "version": "7.1.3"
    },
    "marge": {
      "options": {
        "overwrite": false,
        "html": false,
        "json": true,
        "reportDir": "cypress\\reports\\html\\.jsons"
      },
      "version": "6.2.0"
    }
  }
}