{
  "stats": {
    "suites": 1,
    "tests": 1,
    "passes": 1,
    "pending": 0,
    "failures": 0,
    "start": "2024-10-22T05:50:16.082Z",
    "end": "2024-10-22T05:50:22.360Z",
    "duration": 6278,
    "testsRegistered": 1,
    "passPercent": 100,
    "pendingPercent": 0,
    "other": 0,
    "hasOther": false,
    "skipped": 0,
    "hasSkipped": false
  },
  "results": [
    {
      "uuid": "7642610d-5f53-4f48-89bc-db8e09944496",
      "title": "",
      "fullFile": "cypress\\e2e\\login33.cy.js",
      "file": "cypress\\e2e\\login33.cy.js",
      "beforeHooks": [],
      "afterHooks": [],
      "tests": [],
      "suites": [
        {
          "uuid": "c46be5e9-2353-4c55-bebe-0ed22982beed",
          "title": "verify login functionality",
          "fullFile": "",
          "file": "",
          "beforeHooks": [],
          "afterHooks": [],
          "tests": [
            {
              "title": "verify login with valid user name invalid password",
              "fullTitle": "verify login functionality verify login with valid user name invalid password",
              "timedOut": null,
              "duration": 6200,
              "state": "passed",
              "speed": "medium",
              "pass": true,
              "fail": false,
              "pending": false,
              "context": "{\n  \"title\": \"cypress-mochawesome-reporter-videos-passed\",\n  \"value\": \"cypress\\\\e2e\\\\login33.cy.js\"\n}",
              "code": "cy.visit(\"https://opensource-demo.orangehrmlive.com/web/index.php/auth/login\");\ncy.get(\"input[name='username']\").type(\"Admin\");\ncy.get(\"input[name='password']\").type(\"admin123dfd\");\ncy.get(\"button[type='submit']\").click();\ncy.contains(\"Invalid credentials\").should(\"be.visible\");",
              "err": {},
              "uuid": "8a0dfb6d-9223-49f7-a8e6-c744f0ee80f3",
              "parentUUID": "c46be5e9-2353-4c55-bebe-0ed22982beed",
              "isHook": false,
              "skipped": false
            }
          ],
          "suites": [],
          "passes": [
            "8a0dfb6d-9223-49f7-a8e6-c744f0ee80f3"
          ],
          "failures": [],
          "pending": [],
          "skipped": [],
          "duration": 6200,
          "root": false,
          "rootEmpty": false,
          "_timeout": 2000
        }
      ],
      "passes": [],
      "failures": [],
      "pending": [],
      "skipped": [],
      "duration": 0,
      "root": true,
      "rootEmpty": true,
      "_timeout": 2000
    }
  ],
  "meta": {
    "mocha": {
      "version": "7.0.1"
    },
    "mochawesome": {
      "options": {
        "quiet": false,
        "reportFilename": "mochawesome",
        "saveHtml": false,
        "saveJson": true,
        "consoleReporter": "spec",
        "useInlineDiffs": false,
        "code": true
      },
      "version": "7.1.3"
    },
    "marge": {
      "options": {
        "overwrite": false,
        "html": false,
        "json": true,
        "reportDir": "cypress\\reports\\html\\.jsons"
      },
      "version": "6.2.0"
    }
  }
}